<?xml version="1.0" encoding="UTF-8"?>
<testng-results ignored="0" total="1" passed="1" failed="0" skipped="0">
  <reporter-output>
  </reporter-output>
  <suite started-at="2021-01-19T23:00:26Z" name="Default suite" finished-at="2021-01-19T23:00:29Z" duration-ms="3417">
    <groups>
    </groups>
    <test started-at="2021-01-19T23:00:26Z" name="Default test" finished-at="2021-01-19T23:00:29Z" duration-ms="3417">
      <class name="Framework.ExtendReport_TestngListeners.ExtendReportDemo">
        <test-method is-config="true" signature="config()[pri:0, instance:Framework.ExtendReport_TestngListeners.ExtendReportDemo@f627d13]" started-at="2021-01-19T23:00:26Z" name="config" finished-at="2021-01-19T23:00:26Z" duration-ms="249" status="PASS">
          <reporter-output>
          </reporter-output>
        </test-method> <!-- config -->
        <test-method signature="idnitialDemo()[pri:0, instance:Framework.ExtendReport_TestngListeners.ExtendReportDemo@f627d13]" started-at="2021-01-19T23:00:26Z" name="idnitialDemo" finished-at="2021-01-19T23:00:29Z" duration-ms="3155" status="PASS">
          <reporter-output>
          </reporter-output>
        </test-method> <!-- idnitialDemo -->
      </class> <!-- Framework.ExtendReport_TestngListeners.ExtendReportDemo -->
    </test> <!-- Default test -->
  </suite> <!-- Default suite -->
</testng-results>
